0 info it worked if it ends with ok
1 verbose cli [ '/opt/iojs/bin/iojs',
1 verbose cli   '/opt/iojs/bin/npm',
1 verbose cli   'uninstall',
1 verbose cli   'bower',
1 verbose cli   '--save' ]
2 info using npm@2.8.3
3 info using node@v1.8.1
4 verbose unbuild node_modules/bower
5 info preuninstall bower@1.4.1
6 info uninstall bower@1.4.1
7 verbose unbuild rmStuff bower@1.4.1 from /home/fuckyou/Documents/nodejs-learning/node_modules
8 silly gentlyRm /home/fuckyou/Documents/nodejs-learning/node_modules/.bin/bower is being gently removed
9 silly gentlyRm verifying /home/fuckyou/Documents/nodejs-learning is an npm working directory
10 silly gentlyRm containing path /home/fuckyou/Documents/nodejs-learning is under npm's control, in /home/fuckyou/Documents/nodejs-learning
11 silly gentlyRm deletion target /home/fuckyou/Documents/nodejs-learning/node_modules/.bin/bower is under /home/fuckyou/Documents/nodejs-learning
12 verbose gentlyRm vacuuming from /home/fuckyou/Documents/nodejs-learning/node_modules/.bin/bower up to /home/fuckyou/Documents/nodejs-learning
13 silly vacuum-fs removing /home/fuckyou/Documents/nodejs-learning/node_modules/.bin/bower
14 verbose stack Error: EACCES: permission denied, unlink '/home/fuckyou/Documents/nodejs-learning/node_modules/.bin/bower'
14 verbose stack     at Error (native)
15 verbose cwd /home/fuckyou/Documents/nodejs-learning
16 error Linux 3.16.0-38-generic
17 error argv "/opt/iojs/bin/iojs" "/opt/iojs/bin/npm" "uninstall" "bower" "--save"
18 error node v1.8.1
19 error npm  v2.8.3
20 error path /home/fuckyou/Documents/nodejs-learning/node_modules/.bin/bower
21 error code EACCES
22 error errno -13
23 error syscall unlink
24 error Error: EACCES: permission denied, unlink '/home/fuckyou/Documents/nodejs-learning/node_modules/.bin/bower'
24 error     at Error (native)
24 error  { [Error: EACCES: permission denied, unlink '/home/fuckyou/Documents/nodejs-learning/node_modules/.bin/bower']
24 error   errno: -13,
24 error   code: 'EACCES',
24 error   syscall: 'unlink',
24 error   path: '/home/fuckyou/Documents/nodejs-learning/node_modules/.bin/bower' }
25 error Please try running this command again as root/Administrator.
26 verbose exit [ -13, true ]
